12/07/2016 22:31:58 (Std) 	+-+-+-+-+-+-+-+-+-+-+-+-+-+-+-+-+-+-+-+-+-+-+-+-+-+-+-+-+-+-+-+-+-+-+-+-+-+-+-+
12/07/2016 22:31:58 (Std) 	+                     Crazy Eddie's GUI System - Event log                    +
12/07/2016 22:31:58 (Std) 	+                          (http://www.cegui.org.uk/)                         +
12/07/2016 22:31:58 (Std) 	+-+-+-+-+-+-+-+-+-+-+-+-+-+-+-+-+-+-+-+-+-+-+-+-+-+-+-+-+-+-+-+-+-+-+-+-+-+-+-+

12/07/2016 22:31:58 (Std) 	CEGUI::Logger singleton created. (02577E48)
12/07/2016 22:31:58 (Std) 	
12/07/2016 22:31:58 (Std) 	********************************************************************************
12/07/2016 22:31:58 (Std) 	* Important:                                                                   *
12/07/2016 22:31:58 (Std) 	*     To get support at the CEGUI forums, you must post _at least_ the section *
12/07/2016 22:31:58 (Std) 	*     of this log file indicated below.  Failure to do this will result in no  *
12/07/2016 22:31:58 (Std) 	*     support being given; please do not waste our time.                       *
12/07/2016 22:31:58 (Std) 	********************************************************************************
12/07/2016 22:31:58 (Std) 	********************************************************************************
12/07/2016 22:31:58 (Std) 	* -------- START OF ESSENTIAL SECTION TO BE POSTED ON THE FORUM       -------- *
12/07/2016 22:31:58 (Std) 	********************************************************************************
12/07/2016 22:31:58 (Std) 	---- Version: 0.8.4 (Build: Oct 24 2015 Microsoft Windows g++ 4.8.1 32 bit) ----
12/07/2016 22:31:58 (Std) 	---- Renderer module is: CEGUI::OpenGLRenderer - Official OpenGL based 2nd generation renderer module.  TextureTarget support enabled via FBO extension. ----
12/07/2016 22:31:58 (Std) 	---- XML Parser module is: CEGUI::ExpatParser - Official expat based parser module for CEGUI ----
12/07/2016 22:31:58 (Std) 	---- Image Codec module is: SILLYImageCodec - Official SILLY based image codec ----
12/07/2016 22:31:58 (Std) 	---- Scripting module is: None ----
12/07/2016 22:31:58 (Std) 	********************************************************************************
12/07/2016 22:31:58 (Std) 	* -------- END OF ESSENTIAL SECTION TO BE POSTED ON THE FORUM         -------- *
12/07/2016 22:31:58 (Std) 	********************************************************************************
12/07/2016 22:31:58 (Std) 	
12/07/2016 22:31:58 (Std) 	---- Begining CEGUI System initialisation ----
12/07/2016 22:31:58 (Std) 	[CEGUI::ImageManager] Singleton created (02579BD0)
12/07/2016 22:31:58 (Std) 	[CEGUI::ImageManager] Registered Image type: BasicImage
12/07/2016 22:31:58 (Std) 	CEGUI::FontManager singleton created. (0256C138)
12/07/2016 22:31:58 (Std) 	CEGUI::WindowFactoryManager singleton created
12/07/2016 22:31:58 (Std) 	CEGUI::WindowManager singleton created (00A1F660)
12/07/2016 22:31:58 (Std) 	CEGUI::SchemeManager singleton created. (02578AC0)
12/07/2016 22:31:58 (Std) 	CEGUI::GlobalEventSet singleton created. (02578300)
12/07/2016 22:31:58 (Std) 	CEGUI::AnimationManager singleton created (0257A4D0)
12/07/2016 22:31:58 (Std) 	CEGUI::WidgetLookManager singleton created. (0256C260)
12/07/2016 22:31:58 (Std) 	CEGUI::WindowRendererManager singleton created (025759C0)
12/07/2016 22:31:58 (Std) 	CEGUI::RenderEffectManager singleton created (02571BF0)
12/07/2016 22:31:58 (Std) 	Created WindowFactory for 'DefaultWindow' windows.
12/07/2016 22:31:58 (Std) 	WindowFactory for 'DefaultWindow' windows added. (0262C150)
12/07/2016 22:31:58 (Std) 	Created WindowFactory for 'DragContainer' windows.
12/07/2016 22:31:58 (Std) 	WindowFactory for 'DragContainer' windows added. (0262C1F8)
12/07/2016 22:31:58 (Std) 	Created WindowFactory for 'ScrolledContainer' windows.
12/07/2016 22:31:58 (Std) 	WindowFactory for 'ScrolledContainer' windows added. (0262C2A0)
12/07/2016 22:31:58 (Std) 	Created WindowFactory for 'ClippedContainer' windows.
12/07/2016 22:31:58 (Std) 	WindowFactory for 'ClippedContainer' windows added. (0262C348)
12/07/2016 22:31:58 (Std) 	Created WindowFactory for 'CEGUI/PushButton' windows.
12/07/2016 22:31:58 (Std) 	WindowFactory for 'CEGUI/PushButton' windows added. (0262C3F0)
12/07/2016 22:31:58 (Std) 	Created WindowFactory for 'CEGUI/RadioButton' windows.
12/07/2016 22:31:58 (Std) 	WindowFactory for 'CEGUI/RadioButton' windows added. (0262C498)
12/07/2016 22:31:58 (Std) 	Created WindowFactory for 'CEGUI/Combobox' windows.
12/07/2016 22:31:58 (Std) 	WindowFactory for 'CEGUI/Combobox' windows added. (0262C540)
12/07/2016 22:31:58 (Std) 	Created WindowFactory for 'CEGUI/ComboDropList' windows.
12/07/2016 22:31:58 (Std) 	WindowFactory for 'CEGUI/ComboDropList' windows added. (0262C5E8)
12/07/2016 22:31:58 (Std) 	Created WindowFactory for 'CEGUI/Editbox' windows.
12/07/2016 22:31:58 (Std) 	WindowFactory for 'CEGUI/Editbox' windows added. (0262C690)
12/07/2016 22:31:58 (Std) 	Created WindowFactory for 'CEGUI/FrameWindow' windows.
12/07/2016 22:31:58 (Std) 	WindowFactory for 'CEGUI/FrameWindow' windows added. (0262C738)
12/07/2016 22:31:58 (Std) 	Created WindowFactory for 'CEGUI/ItemEntry' windows.
12/07/2016 22:31:58 (Std) 	WindowFactory for 'CEGUI/ItemEntry' windows added. (0262C7E0)
12/07/2016 22:31:58 (Std) 	Created WindowFactory for 'CEGUI/Listbox' windows.
12/07/2016 22:31:58 (Std) 	WindowFactory for 'CEGUI/Listbox' windows added. (0262C888)
12/07/2016 22:31:58 (Std) 	Created WindowFactory for 'CEGUI/ListHeader' windows.
12/07/2016 22:31:58 (Std) 	WindowFactory for 'CEGUI/ListHeader' windows added. (0262C930)
12/07/2016 22:31:58 (Std) 	Created WindowFactory for 'CEGUI/ListHeaderSegment' windows.
12/07/2016 22:31:58 (Std) 	WindowFactory for 'CEGUI/ListHeaderSegment' windows added. (0262C9D8)
12/07/2016 22:31:58 (Std) 	Created WindowFactory for 'CEGUI/Menubar' windows.
12/07/2016 22:31:58 (Std) 	WindowFactory for 'CEGUI/Menubar' windows added. (0262CA80)
12/07/2016 22:31:58 (Std) 	Created WindowFactory for 'CEGUI/PopupMenu' windows.
12/07/2016 22:31:58 (Std) 	WindowFactory for 'CEGUI/PopupMenu' windows added. (0262CB28)
12/07/2016 22:31:58 (Std) 	Created WindowFactory for 'CEGUI/MenuItem' windows.
12/07/2016 22:31:58 (Std) 	WindowFactory for 'CEGUI/MenuItem' windows added. (0262CBD0)
12/07/2016 22:31:58 (Std) 	Created WindowFactory for 'CEGUI/MultiColumnList' windows.
12/07/2016 22:31:58 (Std) 	WindowFactory for 'CEGUI/MultiColumnList' windows added. (0262CC78)
12/07/2016 22:31:58 (Std) 	Created WindowFactory for 'CEGUI/MultiLineEditbox' windows.
12/07/2016 22:31:58 (Std) 	WindowFactory for 'CEGUI/MultiLineEditbox' windows added. (0262CD20)
12/07/2016 22:31:58 (Std) 	Created WindowFactory for 'CEGUI/ProgressBar' windows.
12/07/2016 22:31:58 (Std) 	WindowFactory for 'CEGUI/ProgressBar' windows added. (0262CDC8)
12/07/2016 22:31:58 (Std) 	Created WindowFactory for 'CEGUI/ScrollablePane' windows.
12/07/2016 22:31:58 (Std) 	WindowFactory for 'CEGUI/ScrollablePane' windows added. (0262CE70)
12/07/2016 22:31:58 (Std) 	Created WindowFactory for 'CEGUI/Scrollbar' windows.
12/07/2016 22:31:58 (Std) 	WindowFactory for 'CEGUI/Scrollbar' windows added. (0262CF18)
12/07/2016 22:31:58 (Std) 	Created WindowFactory for 'CEGUI/Slider' windows.
12/07/2016 22:31:58 (Std) 	WindowFactory for 'CEGUI/Slider' windows added. (0262CFC0)
12/07/2016 22:31:58 (Std) 	Created WindowFactory for 'CEGUI/Spinner' windows.
12/07/2016 22:31:58 (Std) 	WindowFactory for 'CEGUI/Spinner' windows added. (0262D068)
12/07/2016 22:31:58 (Std) 	Created WindowFactory for 'CEGUI/TabButton' windows.
12/07/2016 22:31:58 (Std) 	WindowFactory for 'CEGUI/TabButton' windows added. (0262D110)
12/07/2016 22:31:58 (Std) 	Created WindowFactory for 'CEGUI/TabControl' windows.
12/07/2016 22:31:58 (Std) 	WindowFactory for 'CEGUI/TabControl' windows added. (0262D1B8)
12/07/2016 22:31:58 (Std) 	Created WindowFactory for 'CEGUI/Thumb' windows.
12/07/2016 22:31:58 (Std) 	WindowFactory for 'CEGUI/Thumb' windows added. (0262D260)
12/07/2016 22:31:58 (Std) 	Created WindowFactory for 'CEGUI/Titlebar' windows.
12/07/2016 22:31:58 (Std) 	WindowFactory for 'CEGUI/Titlebar' windows added. (0262D308)
12/07/2016 22:31:58 (Std) 	Created WindowFactory for 'CEGUI/ToggleButton' windows.
12/07/2016 22:31:58 (Std) 	WindowFactory for 'CEGUI/ToggleButton' windows added. (0262D3B0)
12/07/2016 22:31:58 (Std) 	Created WindowFactory for 'CEGUI/Tooltip' windows.
12/07/2016 22:31:58 (Std) 	WindowFactory for 'CEGUI/Tooltip' windows added. (0262D458)
12/07/2016 22:31:58 (Std) 	Created WindowFactory for 'CEGUI/ItemListbox' windows.
12/07/2016 22:31:58 (Std) 	WindowFactory for 'CEGUI/ItemListbox' windows added. (0262D500)
12/07/2016 22:31:58 (Std) 	Created WindowFactory for 'CEGUI/GroupBox' windows.
12/07/2016 22:31:58 (Std) 	WindowFactory for 'CEGUI/GroupBox' windows added. (0262D5A8)
12/07/2016 22:31:58 (Std) 	Created WindowFactory for 'CEGUI/Tree' windows.
12/07/2016 22:31:58 (Std) 	WindowFactory for 'CEGUI/Tree' windows added. (0262D650)
12/07/2016 22:31:58 (Std) 	Created WindowFactory for 'LayoutCell' windows.
12/07/2016 22:31:58 (Std) 	WindowFactory for 'LayoutCell' windows added. (0262D6F8)
12/07/2016 22:31:58 (Std) 	Created WindowFactory for 'HorizontalLayoutContainer' windows.
12/07/2016 22:31:58 (Std) 	WindowFactory for 'HorizontalLayoutContainer' windows added. (0262D7A0)
12/07/2016 22:31:58 (Std) 	Created WindowFactory for 'VerticalLayoutContainer' windows.
12/07/2016 22:31:58 (Std) 	WindowFactory for 'VerticalLayoutContainer' windows added. (0262D848)
12/07/2016 22:31:58 (Std) 	Created WindowFactory for 'GridLayoutContainer' windows.
12/07/2016 22:31:58 (Std) 	WindowFactory for 'GridLayoutContainer' windows added. (0262D8F0)
12/07/2016 22:31:58 (Std) 	CEGUI::System singleton created. (00A1AE58)
12/07/2016 22:31:58 (Std) 	---- CEGUI System initialisation completed ----
12/07/2016 22:31:58 (Std) 	
12/07/2016 22:31:58 (Std) 	Started creation of Scheme from XML specification:
12/07/2016 22:31:58 (Std) 	---- CEGUI GUIScheme name: TaharezLook
12/07/2016 22:31:58 (Std) 	[ImageManager] Started creation of Imageset from XML specification:
12/07/2016 22:31:58 (Std) 	[ImageManager] ---- CEGUI Imageset name: TaharezLook
12/07/2016 22:31:58 (Std) 	[ImageManager] ---- Source texture file: TaharezLook.png
12/07/2016 22:31:58 (Std) 	[ImageManager] ---- Source texture resource group: (Default)
12/07/2016 22:31:58 (Std) 	[OpenGLRenderer] Created texture: TaharezLook
12/07/2016 22:31:58 (Std) 	[ImageManager] Created image: 'TaharezLook/ClientBrush' (0258B038) of type: BasicImage
12/07/2016 22:31:58 (Std) 	[ImageManager] Created image: 'TaharezLook/GenericBrush' (0258B128) of type: BasicImage
12/07/2016 22:31:58 (Std) 	[ImageManager] Created image: 'TaharezLook/WindowLeftEdge' (0258B218) of type: BasicImage
12/07/2016 22:31:58 (Std) 	[ImageManager] Created image: 'TaharezLook/WindowRightEdge' (0258B308) of type: BasicImage
12/07/2016 22:31:58 (Std) 	[ImageManager] Created image: 'TaharezLook/WindowTopEdge' (0258B3F8) of type: BasicImage
12/07/2016 22:31:58 (Std) 	[ImageManager] Created image: 'TaharezLook/WindowBottomEdge' (0258B4E8) of type: BasicImage
12/07/2016 22:31:58 (Std) 	[ImageManager] Created image: 'TaharezLook/WindowTopLeft' (0258B5D8) of type: BasicImage
12/07/2016 22:31:58 (Std) 	[ImageManager] Created image: 'TaharezLook/WindowTopRight' (0258B6C8) of type: BasicImage
12/07/2016 22:31:58 (Std) 	[ImageManager] Created image: 'TaharezLook/WindowBottomLeft' (0258B7B8) of type: BasicImage
12/07/2016 22:31:58 (Std) 	[ImageManager] Created image: 'TaharezLook/WindowBottomRight' (0258B8A8) of type: BasicImage
12/07/2016 22:31:58 (Std) 	[ImageManager] Created image: 'TaharezLook/ButtonLeftNormal' (0258B998) of type: BasicImage
12/07/2016 22:31:58 (Std) 	[ImageManager] Created image: 'TaharezLook/ButtonMiddleNormal' (0258BA88) of type: BasicImage
12/07/2016 22:31:58 (Std) 	[ImageManager] Created image: 'TaharezLook/ButtonRightNormal' (0258BB78) of type: BasicImage
12/07/2016 22:31:58 (Std) 	[ImageManager] Created image: 'TaharezLook/ButtonLeftPushed' (0258BC68) of type: BasicImage
12/07/2016 22:31:58 (Std) 	[ImageManager] Created image: 'TaharezLook/ButtonMiddlePushed' (0258BD58) of type: BasicImage
12/07/2016 22:31:58 (Std) 	[ImageManager] Created image: 'TaharezLook/ButtonRightPushed' (0258BE48) of type: BasicImage
12/07/2016 22:31:58 (Std) 	[ImageManager] Created image: 'TaharezLook/ButtonLeftHighlight' (0258BF38) of type: BasicImage
12/07/2016 22:31:58 (Std) 	[ImageManager] Created image: 'TaharezLook/ButtonMiddleHighlight' (0258C028) of type: BasicImage
12/07/2016 22:31:58 (Std) 	[ImageManager] Created image: 'TaharezLook/ButtonRightHighlight' (0258C118) of type: BasicImage
12/07/2016 22:31:58 (Std) 	[ImageManager] Created image: 'TaharezLook/CheckboxNormal' (0258C208) of type: BasicImage
12/07/2016 22:31:58 (Std) 	[ImageManager] Created image: 'TaharezLook/CheckboxHover' (0258C2F8) of type: BasicImage
12/07/2016 22:31:58 (Std) 	[ImageManager] Created image: 'TaharezLook/CheckboxMark' (0258C3E8) of type: BasicImage
12/07/2016 22:31:58 (Std) 	[ImageManager] Created image: 'TaharezLook/RadioButtonNormal' (0258C4D8) of type: BasicImage
12/07/2016 22:31:58 (Std) 	[ImageManager] Created image: 'TaharezLook/RadioButtonHover' (0258C5C8) of type: BasicImage
12/07/2016 22:31:58 (Std) 	[ImageManager] Created image: 'TaharezLook/RadioButtonMark' (0258C6B8) of type: BasicImage
12/07/2016 22:31:58 (Std) 	[ImageManager] Created image: 'TaharezLook/TitlebarLeft' (0258C7A8) of type: BasicImage
12/07/2016 22:31:58 (Std) 	[ImageManager] Created image: 'TaharezLook/TitlebarMiddle' (0258C898) of type: BasicImage
12/07/2016 22:31:58 (Std) 	[ImageManager] Created image: 'TaharezLook/TitlebarRight' (0258C988) of type: BasicImage
12/07/2016 22:31:58 (Std) 	[ImageManager] Created image: 'TaharezLook/NewTitlebarLeft' (0258CA78) of type: BasicImage
12/07/2016 22:31:58 (Std) 	[ImageManager] Created image: 'TaharezLook/NewTitlebarMiddle' (0258CB68) of type: BasicImage
12/07/2016 22:31:58 (Std) 	[ImageManager] Created image: 'TaharezLook/NewTitlebarRight' (0258CC58) of type: BasicImage
12/07/2016 22:31:58 (Std) 	[ImageManager] Created image: 'TaharezLook/SysAreaMiddle' (0258CD48) of type: BasicImage
12/07/2016 22:31:58 (Std) 	[ImageManager] Created image: 'TaharezLook/SysAreaRight' (0258CE38) of type: BasicImage
12/07/2016 22:31:58 (Std) 	[ImageManager] Created image: 'TaharezLook/StaticLeft' (0258CF28) of type: BasicImage
12/07/2016 22:31:58 (Std) 	[ImageManager] Created image: 'TaharezLook/StaticRight' (06DABC80) of type: BasicImage
12/07/2016 22:31:58 (Std) 	[ImageManager] Created image: 'TaharezLook/StaticTop' (06DABD70) of type: BasicImage
12/07/2016 22:31:58 (Std) 	[ImageManager] Created image: 'TaharezLook/StaticBottom' (06DABE60) of type: BasicImage
12/07/2016 22:31:58 (Std) 	[ImageManager] Created image: 'TaharezLook/StaticTopLeft' (06DABF50) of type: BasicImage
12/07/2016 22:31:58 (Std) 	[ImageManager] Created image: 'TaharezLook/StaticTopRight' (06DAC040) of type: BasicImage
12/07/2016 22:31:58 (Std) 	[ImageManager] Created image: 'TaharezLook/StaticBottomLeft' (06DAC130) of type: BasicImage
12/07/2016 22:31:58 (Std) 	[ImageManager] Created image: 'TaharezLook/StaticBottomRight' (06DAC220) of type: BasicImage
12/07/2016 22:31:58 (Std) 	[ImageManager] Created image: 'TaharezLook/StaticBackdrop' (06DAC310) of type: BasicImage
12/07/2016 22:31:58 (Std) 	[ImageManager] Created image: 'TaharezLook/ProgressBarLeft' (06DAC400) of type: BasicImage
12/07/2016 22:31:58 (Std) 	[ImageManager] Created image: 'TaharezLook/ProgressBarMiddle' (06DAC4F0) of type: BasicImage
12/07/2016 22:31:58 (Std) 	[ImageManager] Created image: 'TaharezLook/ProgressBarRight' (06DAC5E0) of type: BasicImage
12/07/2016 22:31:58 (Std) 	[ImageManager] Created image: 'TaharezLook/ProgressBarDimSegment' (06DAC6D0) of type: BasicImage
12/07/2016 22:31:58 (Std) 	[ImageManager] Created image: 'TaharezLook/ProgressBarLitSegment' (06DAC7C0) of type: BasicImage
12/07/2016 22:31:58 (Std) 	[ImageManager] Created image: 'TaharezLook/EditBoxLeft' (06DAC8B0) of type: BasicImage
12/07/2016 22:31:58 (Std) 	[ImageManager] Created image: 'TaharezLook/EditBoxMiddle' (06DAC9A0) of type: BasicImage
12/07/2016 22:31:58 (Std) 	[ImageManager] Created image: 'TaharezLook/EditBoxRight' (06DACA90) of type: BasicImage
12/07/2016 22:31:58 (Std) 	[ImageManager] Created image: 'TaharezLook/EditBoxCaret' (06DACB80) of type: BasicImage
12/07/2016 22:31:58 (Std) 	[ImageManager] Created image: 'TaharezLook/SpinnerUpNormal' (06DACC70) of type: BasicImage
12/07/2016 22:31:58 (Std) 	[ImageManager] Created image: 'TaharezLook/SpinnerDownNormal' (06DACD60) of type: BasicImage
12/07/2016 22:31:58 (Std) 	[ImageManager] Created image: 'TaharezLook/SpinnerUpHover' (06DACE50) of type: BasicImage
12/07/2016 22:31:58 (Std) 	[ImageManager] Created image: 'TaharezLook/SpinnerDownHover' (06DACF40) of type: BasicImage
12/07/2016 22:31:58 (Std) 	[ImageManager] Created image: 'TaharezLook/TextSelectionBrush' (06DAD030) of type: BasicImage
12/07/2016 22:31:58 (Std) 	[ImageManager] Created image: 'TaharezLook/VertScrollTop' (06DAD120) of type: BasicImage
12/07/2016 22:31:58 (Std) 	[ImageManager] Created image: 'TaharezLook/VertScrollMiddle' (06DAD210) of type: BasicImage
12/07/2016 22:31:58 (Std) 	[ImageManager] Created image: 'TaharezLook/VertScrollBottom' (06DAD300) of type: BasicImage
12/07/2016 22:31:58 (Std) 	[ImageManager] Created image: 'TaharezLook/VertScrollBarSegment' (06DAD3F0) of type: BasicImage
12/07/2016 22:31:58 (Std) 	[ImageManager] Created image: 'TaharezLook/VertScrollThumbNormal' (06DAD4E0) of type: BasicImage
12/07/2016 22:31:58 (Std) 	[ImageManager] Created image: 'TaharezLook/VertScrollThumbHover' (06DAD5D0) of type: BasicImage
12/07/2016 22:31:58 (Std) 	[ImageManager] Created image: 'TaharezLook/VertScrollUpNormal' (06DAD6C0) of type: BasicImage
12/07/2016 22:31:58 (Std) 	[ImageManager] Created image: 'TaharezLook/VertScrollDownNormal' (06DAD7B0) of type: BasicImage
12/07/2016 22:31:58 (Std) 	[ImageManager] Created image: 'TaharezLook/VertScrollUpHover' (06DAD8A0) of type: BasicImage
12/07/2016 22:31:58 (Std) 	[ImageManager] Created image: 'TaharezLook/VertScrollDownHover' (06DAD990) of type: BasicImage
12/07/2016 22:31:58 (Std) 	[ImageManager] Created image: 'TaharezLook/MiniVertScrollBarSegment' (06DADA80) of type: BasicImage
12/07/2016 22:31:58 (Std) 	[ImageManager] Created image: 'TaharezLook/MiniVertScrollThumbNormal' (06DADB70) of type: BasicImage
12/07/2016 22:31:58 (Std) 	[ImageManager] Created image: 'TaharezLook/MiniVertScrollThumbTopNormal' (06D961B8) of type: BasicImage
12/07/2016 22:31:58 (Std) 	[ImageManager] Created image: 'TaharezLook/MiniVertScrollThumbMiddleNormal' (06D962A8) of type: BasicImage
12/07/2016 22:31:58 (Std) 	[ImageManager] Created image: 'TaharezLook/MiniVertScrollThumbBottomNormal' (06D96398) of type: BasicImage
12/07/2016 22:31:58 (Std) 	[ImageManager] Created image: 'TaharezLook/MiniVertScrollThumbTopHover' (06D96488) of type: BasicImage
12/07/2016 22:31:58 (Std) 	[ImageManager] Created image: 'TaharezLook/MiniVertScrollThumbMiddleHover' (06D96578) of type: BasicImage
12/07/2016 22:31:58 (Std) 	[ImageManager] Created image: 'TaharezLook/MiniVertScrollThumbBottomHover' (06D96668) of type: BasicImage
12/07/2016 22:31:58 (Std) 	[ImageManager] Created image: 'TaharezLook/MiniVertScrollThumbHover' (06D96758) of type: BasicImage
12/07/2016 22:31:58 (Std) 	[ImageManager] Created image: 'TaharezLook/MiniVertScrollUpNormal' (06D96848) of type: BasicImage
12/07/2016 22:31:58 (Std) 	[ImageManager] Created image: 'TaharezLook/MiniVertScrollDownNormal' (06D96938) of type: BasicImage
12/07/2016 22:31:58 (Std) 	[ImageManager] Created image: 'TaharezLook/MiniVertScrollUpHover' (06D96A28) of type: BasicImage
12/07/2016 22:31:58 (Std) 	[ImageManager] Created image: 'TaharezLook/MiniVertScrollDownHover' (06D96B18) of type: BasicImage
12/07/2016 22:31:58 (Std) 	[ImageManager] Created image: 'TaharezLook/VertSliderBody' (06D96C08) of type: BasicImage
12/07/2016 22:31:58 (Std) 	[ImageManager] Created image: 'TaharezLook/VertSliderThumbNormal' (06D96CF8) of type: BasicImage
12/07/2016 22:31:58 (Std) 	[ImageManager] Created image: 'TaharezLook/VertSliderThumbHover' (06D96DE8) of type: BasicImage
12/07/2016 22:31:58 (Std) 	[ImageManager] Created image: 'TaharezLook/MiniHorzScrollBarSegment' (06D96ED8) of type: BasicImage
12/07/2016 22:31:58 (Std) 	[ImageManager] Created image: 'TaharezLook/MiniHorzScrollThumbNormal' (06D96FC8) of type: BasicImage
12/07/2016 22:31:58 (Std) 	[ImageManager] Created image: 'TaharezLook/MiniHorzScrollThumbLeftNormal' (06D970B8) of type: BasicImage
12/07/2016 22:31:58 (Std) 	[ImageManager] Created image: 'TaharezLook/MiniHorzScrollThumbMiddleNormal' (06D971A8) of type: BasicImage
12/07/2016 22:31:58 (Std) 	[ImageManager] Created image: 'TaharezLook/MiniHorzScrollThumbRightNormal' (06D97298) of type: BasicImage
12/07/2016 22:31:58 (Std) 	[ImageManager] Created image: 'TaharezLook/MiniHorzScrollThumbHover' (06D97388) of type: BasicImage
12/07/2016 22:31:58 (Std) 	[ImageManager] Created image: 'TaharezLook/MiniHorzScrollThumbLeftHover' (06D97478) of type: BasicImage
12/07/2016 22:31:58 (Std) 	[ImageManager] Created image: 'TaharezLook/MiniHorzScrollThumbMiddleHover' (06D97568) of type: BasicImage
12/07/2016 22:31:58 (Std) 	[ImageManager] Created image: 'TaharezLook/MiniHorzScrollThumbRightHover' (06D97658) of type: BasicImage
12/07/2016 22:31:58 (Std) 	[ImageManager] Created image: 'TaharezLook/MiniHorzScrollLeftNormal' (06D97748) of type: BasicImage
12/07/2016 22:31:58 (Std) 	[ImageManager] Created image: 'TaharezLook/MiniHorzScrollRightNormal' (06D97838) of type: BasicImage
12/07/2016 22:31:58 (Std) 	[ImageManager] Created image: 'TaharezLook/MiniHorzScrollLeftHover' (06D97928) of type: BasicImage
12/07/2016 22:31:58 (Std) 	[ImageManager] Created image: 'TaharezLook/MiniHorzScrollRightHover' (06D97A18) of type: BasicImage
12/07/2016 22:31:58 (Std) 	[ImageManager] Created image: 'TaharezLook/ListboxLeft' (06D97B08) of type: BasicImage
12/07/2016 22:31:58 (Std) 	[ImageManager] Created image: 'TaharezLook/ListboxRight' (06D97BF8) of type: BasicImage
12/07/2016 22:31:58 (Std) 	[ImageManager] Created image: 'TaharezLook/ListboxTop' (06D97CE8) of type: BasicImage
12/07/2016 22:31:58 (Std) 	[ImageManager] Created image: 'TaharezLook/ListboxBottom' (06D97DD8) of type: BasicImage
12/07/2016 22:31:58 (Std) 	[ImageManager] Created image: 'TaharezLook/ListboxTopLeft' (06D97EC8) of type: BasicImage
12/07/2016 22:31:58 (Std) 	[ImageManager] Created image: 'TaharezLook/ListboxTopRight' (06D97FB8) of type: BasicImage
12/07/2016 22:31:58 (Std) 	[ImageManager] Created image: 'TaharezLook/ListboxBottomLeft' (06D980A8) of type: BasicImage
12/07/2016 22:31:58 (Std) 	[ImageManager] Created image: 'TaharezLook/ListboxBottomRight' (06DF0FE0) of type: BasicImage
12/07/2016 22:31:58 (Std) 	[ImageManager] Created image: 'TaharezLook/ListboxBackdrop' (06DF10D0) of type: BasicImage
12/07/2016 22:31:58 (Std) 	[ImageManager] Created image: 'TaharezLook/ListboxSelectionBrush' (06DF11C0) of type: BasicImage
12/07/2016 22:31:58 (Std) 	[ImageManager] Created image: 'TaharezLook/ComboboxEditLeft' (06DF12B0) of type: BasicImage
12/07/2016 22:31:58 (Std) 	[ImageManager] Created image: 'TaharezLook/ComboboxEditMiddle' (06DF13A0) of type: BasicImage
12/07/2016 22:31:58 (Std) 	[ImageManager] Created image: 'TaharezLook/ComboboxListButtonNormal' (06DF1490) of type: BasicImage
12/07/2016 22:31:58 (Std) 	[ImageManager] Created image: 'TaharezLook/ComboboxListButtonHover' (06DF1580) of type: BasicImage
12/07/2016 22:31:58 (Std) 	[ImageManager] Created image: 'TaharezLook/ComboboxListLeft' (06DF1670) of type: BasicImage
12/07/2016 22:31:58 (Std) 	[ImageManager] Created image: 'TaharezLook/ComboboxListRight' (06DF1760) of type: BasicImage
12/07/2016 22:31:58 (Std) 	[ImageManager] Created image: 'TaharezLook/ComboboxListTop' (06DF1850) of type: BasicImage
12/07/2016 22:31:58 (Std) 	[ImageManager] Created image: 'TaharezLook/ComboboxListBottom' (06DF1940) of type: BasicImage
12/07/2016 22:31:58 (Std) 	[ImageManager] Created image: 'TaharezLook/ComboboxListTopLeft' (06DF1A30) of type: BasicImage
12/07/2016 22:31:58 (Std) 	[ImageManager] Created image: 'TaharezLook/ComboboxListTopRight' (06DF1B20) of type: BasicImage
12/07/2016 22:31:58 (Std) 	[ImageManager] Created image: 'TaharezLook/ComboboxListBottomLeft' (06DF1C10) of type: BasicImage
12/07/2016 22:31:58 (Std) 	[ImageManager] Created image: 'TaharezLook/ComboboxListBottomRight' (06DF1D00) of type: BasicImage
12/07/2016 22:31:58 (Std) 	[ImageManager] Created image: 'TaharezLook/ComboboxListBackdrop' (06DF1DF0) of type: BasicImage
12/07/2016 22:31:58 (Std) 	[ImageManager] Created image: 'TaharezLook/ComboboxSelectionBrush' (06DF1EE0) of type: BasicImage
12/07/2016 22:31:58 (Std) 	[ImageManager] Created image: 'TaharezLook/ComboboxDividerLeft' (06DF1FD0) of type: BasicImage
12/07/2016 22:31:58 (Std) 	[ImageManager] Created image: 'TaharezLook/ComboboxDividerMiddle' (06DF20C0) of type: BasicImage
12/07/2016 22:31:58 (Std) 	[ImageManager] Created image: 'TaharezLook/ComboboxDividerRight' (06DF21B0) of type: BasicImage
12/07/2016 22:31:58 (Std) 	[ImageManager] Created image: 'TaharezLook/HeaderBarBackdropNormal' (06DF22A0) of type: BasicImage
12/07/2016 22:31:58 (Std) 	[ImageManager] Created image: 'TaharezLook/HeaderBarBackdropHover' (06DF2390) of type: BasicImage
12/07/2016 22:31:58 (Std) 	[ImageManager] Created image: 'TaharezLook/HeaderBarSplitterNormal' (06DF2480) of type: BasicImage
12/07/2016 22:31:58 (Std) 	[ImageManager] Created image: 'TaharezLook/HeaderBarSplitterHover' (06DF2570) of type: BasicImage
12/07/2016 22:31:58 (Std) 	[ImageManager] Created image: 'TaharezLook/HeaderBarSortUp' (06DF2660) of type: BasicImage
12/07/2016 22:31:58 (Std) 	[ImageManager] Created image: 'TaharezLook/HeaderBarSortDown' (06DF2750) of type: BasicImage
12/07/2016 22:31:58 (Std) 	[ImageManager] Created image: 'TaharezLook/MultiListLeft' (06DF2840) of type: BasicImage
12/07/2016 22:31:58 (Std) 	[ImageManager] Created image: 'TaharezLook/MultiListRight' (06DF2930) of type: BasicImage
12/07/2016 22:31:58 (Std) 	[ImageManager] Created image: 'TaharezLook/MultiListTop' (06DF2A20) of type: BasicImage
12/07/2016 22:31:58 (Std) 	[ImageManager] Created image: 'TaharezLook/MultiListBottom' (06DF2B10) of type: BasicImage
12/07/2016 22:31:58 (Std) 	[ImageManager] Created image: 'TaharezLook/MultiListTopLeft' (06DF2C00) of type: BasicImage
12/07/2016 22:31:58 (Std) 	[ImageManager] Created image: 'TaharezLook/MultiListTopRight' (06DF2CF0) of type: BasicImage
12/07/2016 22:31:58 (Std) 	[ImageManager] Created image: 'TaharezLook/MultiListBottomLeft' (06DF2DE0) of type: BasicImage
12/07/2016 22:31:58 (Std) 	[ImageManager] Created image: 'TaharezLook/MultiListBottomRight' (06DF2ED0) of type: BasicImage
12/07/2016 22:31:58 (Std) 	[ImageManager] Created image: 'TaharezLook/MultiListBackdrop' (06DF4FE0) of type: BasicImage
12/07/2016 22:31:58 (Std) 	[ImageManager] Created image: 'TaharezLook/MultiListSelectionBrush' (06DF50D0) of type: BasicImage
12/07/2016 22:31:58 (Std) 	[ImageManager] Created image: 'TaharezLook/AltProgressLeft' (06DF51C0) of type: BasicImage
12/07/2016 22:31:58 (Std) 	[ImageManager] Created image: 'TaharezLook/AltProgressMiddle' (06DF52B0) of type: BasicImage
12/07/2016 22:31:58 (Std) 	[ImageManager] Created image: 'TaharezLook/AltProgressRight' (06DF53A0) of type: BasicImage
12/07/2016 22:31:58 (Std) 	[ImageManager] Created image: 'TaharezLook/AltProgressQuarter' (06DF5490) of type: BasicImage
12/07/2016 22:31:58 (Std) 	[ImageManager] Created image: 'TaharezLook/AltProgressHalf' (06DF5580) of type: BasicImage
12/07/2016 22:31:58 (Std) 	[ImageManager] Created image: 'TaharezLook/AltProgressLight1' (06DF5670) of type: BasicImage
12/07/2016 22:31:58 (Std) 	[ImageManager] Created image: 'TaharezLook/AltProgressLight2' (06DF5760) of type: BasicImage
12/07/2016 22:31:58 (Std) 	[ImageManager] Created image: 'TaharezLook/AltProgressLight3' (06DF5850) of type: BasicImage
12/07/2016 22:31:58 (Std) 	[ImageManager] Created image: 'TaharezLook/AltProgressLight4' (06DF5940) of type: BasicImage
12/07/2016 22:31:58 (Std) 	[ImageManager] Created image: 'TaharezLook/AltProgressLight5' (06DF5A30) of type: BasicImage
12/07/2016 22:31:58 (Std) 	[ImageManager] Created image: 'TaharezLook/AltProgressLight6' (06DF5B20) of type: BasicImage
12/07/2016 22:31:58 (Std) 	[ImageManager] Created image: 'TaharezLook/AltProgressLight7' (06DF5C10) of type: BasicImage
12/07/2016 22:31:58 (Std) 	[ImageManager] Created image: 'TaharezLook/AltProgressLight8' (06DF5D00) of type: BasicImage
12/07/2016 22:31:58 (Std) 	[ImageManager] Created image: 'TaharezLook/AltProgressLight9' (06DF5DF0) of type: BasicImage
12/07/2016 22:31:58 (Std) 	[ImageManager] Created image: 'TaharezLook/AltProgressLight10' (06DF5EE0) of type: BasicImage
12/07/2016 22:31:58 (Std) 	[ImageManager] Created image: 'TaharezLook/CloseButtonNormal' (06DF5FD0) of type: BasicImage
12/07/2016 22:31:58 (Std) 	[ImageManager] Created image: 'TaharezLook/CloseButtonHover' (06DF60C0) of type: BasicImage
12/07/2016 22:31:58 (Std) 	[ImageManager] Created image: 'TaharezLook/CloseButtonPressed' (06DF61B0) of type: BasicImage
12/07/2016 22:31:58 (Std) 	[ImageManager] Created image: 'TaharezLook/NewCloseButtonNormal' (06DF62A0) of type: BasicImage
12/07/2016 22:31:58 (Std) 	[ImageManager] Created image: 'TaharezLook/NewCloseButtonHover' (06DF6390) of type: BasicImage
12/07/2016 22:31:58 (Std) 	[ImageManager] Created image: 'TaharezLook/NewCloseButtonPressed' (06DF6480) of type: BasicImage
12/07/2016 22:31:58 (Std) 	[ImageManager] Created image: 'TaharezLook/MultiLineEditboxLeft' (06DF6570) of type: BasicImage
12/07/2016 22:31:58 (Std) 	[ImageManager] Created image: 'TaharezLook/MultiLineEditboxRight' (06DF6660) of type: BasicImage
12/07/2016 22:31:58 (Std) 	[ImageManager] Created image: 'TaharezLook/MultiLineEditboxTop' (06DF6750) of type: BasicImage
12/07/2016 22:31:58 (Std) 	[ImageManager] Created image: 'TaharezLook/MultiLineEditboxBottom' (06DF6840) of type: BasicImage
12/07/2016 22:31:58 (Std) 	[ImageManager] Created image: 'TaharezLook/MultiLineEditboxTopLeft' (06DF6930) of type: BasicImage
12/07/2016 22:31:58 (Std) 	[ImageManager] Created image: 'TaharezLook/MultiLineEditboxTopRight' (06DF6A20) of type: BasicImage
12/07/2016 22:31:58 (Std) 	[ImageManager] Created image: 'TaharezLook/MultiLineEditboxBottomLeft' (06DF6B10) of type: BasicImage
12/07/2016 22:31:58 (Std) 	[ImageManager] Created image: 'TaharezLook/MultiLineEditboxBottomRight' (06DF6C00) of type: BasicImage
12/07/2016 22:31:58 (Std) 	[ImageManager] Created image: 'TaharezLook/MultiLineEditboxBackdrop' (06DF6CF0) of type: BasicImage
12/07/2016 22:31:58 (Std) 	[ImageManager] Created image: 'TaharezLook/MultiLineEditboxSelectionBrush' (06DF6DE0) of type: BasicImage
12/07/2016 22:31:58 (Std) 	[ImageManager] Created image: 'TaharezLook/MouseTarget' (06DF6ED0) of type: BasicImage
12/07/2016 22:31:58 (Std) 	[ImageManager] Created image: 'TaharezLook/MouseArrow' (06DFAFE0) of type: BasicImage
12/07/2016 22:31:58 (Std) 	[ImageManager] Created image: 'TaharezLook/MouseMoveCursor' (06DFB0D0) of type: BasicImage
12/07/2016 22:31:58 (Std) 	[ImageManager] Created image: 'TaharezLook/MouseNoSoCursor' (06DFB1C0) of type: BasicImage
12/07/2016 22:31:58 (Std) 	[ImageManager] Created image: 'TaharezLook/MouseEsWeCursor' (06DFB2B0) of type: BasicImage
12/07/2016 22:31:58 (Std) 	[ImageManager] Created image: 'TaharezLook/MouseNeSwCursor' (06DFB3A0) of type: BasicImage
12/07/2016 22:31:58 (Std) 	[ImageManager] Created image: 'TaharezLook/MouseNwSeCursor' (06DFB490) of type: BasicImage
12/07/2016 22:31:58 (Std) 	[ImageManager] Created image: 'TaharezLook/MouseTextBar' (06DFB580) of type: BasicImage
12/07/2016 22:31:58 (Std) 	[ImageManager] Created image: 'TaharezLook/TabHorizontalFiller' (06DFB670) of type: BasicImage
12/07/2016 22:31:58 (Std) 	[ImageManager] Created image: 'TaharezLook/TabContentPaneUpperLeft' (06DFB760) of type: BasicImage
12/07/2016 22:31:58 (Std) 	[ImageManager] Created image: 'TaharezLook/TabContentPaneUpper' (06DFB850) of type: BasicImage
12/07/2016 22:31:58 (Std) 	[ImageManager] Created image: 'TaharezLook/TabContentPaneUpperRight' (06DFB940) of type: BasicImage
12/07/2016 22:31:58 (Std) 	[ImageManager] Created image: 'TaharezLook/TabContentPaneLeft' (06DFBA30) of type: BasicImage
12/07/2016 22:31:58 (Std) 	[ImageManager] Created image: 'TaharezLook/TabContentPaneRight' (06DFBB20) of type: BasicImage
12/07/2016 22:31:58 (Std) 	[ImageManager] Created image: 'TaharezLook/TabContentPaneLower' (06DFBC10) of type: BasicImage
12/07/2016 22:31:58 (Std) 	[ImageManager] Created image: 'TaharezLook/TabContentPaneLowerLeft' (06DFBD00) of type: BasicImage
12/07/2016 22:31:58 (Std) 	[ImageManager] Created image: 'TaharezLook/TabContentPaneLowerRight' (06DFBDF0) of type: BasicImage
12/07/2016 22:31:58 (Std) 	[ImageManager] Created image: 'TaharezLook/TabContentPaneMiddle' (06DFBEE0) of type: BasicImage
12/07/2016 22:31:58 (Std) 	[ImageManager] Created image: 'TaharezLook/TabButtonScrollLeftNormal' (06DFBFD0) of type: BasicImage
12/07/2016 22:31:58 (Std) 	[ImageManager] Created image: 'TaharezLook/TabButtonScrollRightNormal' (06DFC0C0) of type: BasicImage
12/07/2016 22:31:58 (Std) 	[ImageManager] Created image: 'TaharezLook/TabButtonScrollLeftHover' (06DFC1B0) of type: BasicImage
12/07/2016 22:31:58 (Std) 	[ImageManager] Created image: 'TaharezLook/TabButtonScrollRightHover' (06DFC2A0) of type: BasicImage
12/07/2016 22:31:58 (Std) 	[ImageManager] Created image: 'TaharezLook/TabButtonLeftNormal' (06DFC390) of type: BasicImage
12/07/2016 22:31:58 (Std) 	[ImageManager] Created image: 'TaharezLook/TabButtonRightNormal' (06DFC480) of type: BasicImage
12/07/2016 22:31:58 (Std) 	[ImageManager] Created image: 'TaharezLook/TabButtonUpperNormal' (06DFC570) of type: BasicImage
12/07/2016 22:31:58 (Std) 	[ImageManager] Created image: 'TaharezLook/TabButtonLowerNormal' (06DFC660) of type: BasicImage
12/07/2016 22:31:58 (Std) 	[ImageManager] Created image: 'TaharezLook/TabButtonUpperLeftNormal' (06DFC750) of type: BasicImage
12/07/2016 22:31:58 (Std) 	[ImageManager] Created image: 'TaharezLook/TabButtonUpperLeft2Normal' (06DFC840) of type: BasicImage
12/07/2016 22:31:58 (Std) 	[ImageManager] Created image: 'TaharezLook/TabButtonUpperRightNormal' (06DFC930) of type: BasicImage
12/07/2016 22:31:58 (Std) 	[ImageManager] Created image: 'TaharezLook/TabButtonLowerLeftNormal' (06DFCA20) of type: BasicImage
12/07/2016 22:31:58 (Std) 	[ImageManager] Created image: 'TaharezLook/TabButtonLowerRightNormal' (06DFCB10) of type: BasicImage
12/07/2016 22:31:58 (Std) 	[ImageManager] Created image: 'TaharezLook/TabButtonLowerRight2Normal' (06DFCC00) of type: BasicImage
12/07/2016 22:31:58 (Std) 	[ImageManager] Created image: 'TaharezLook/TabButtonMiddleNormal' (06DFCCF0) of type: BasicImage
12/07/2016 22:31:58 (Std) 	[ImageManager] Created image: 'TaharezLook/TabButtonLeftSelected' (06DFCDE0) of type: BasicImage
12/07/2016 22:31:58 (Std) 	[ImageManager] Created image: 'TaharezLook/TabButtonRightSelected' (06DFCED0) of type: BasicImage
12/07/2016 22:31:58 (Std) 	[ImageManager] Created image: 'TaharezLook/TabButtonUpperSelected' (06DFCFE0) of type: BasicImage
12/07/2016 22:31:58 (Std) 	[ImageManager] Created image: 'TaharezLook/TabButtonLowerSelected' (06DFD0D0) of type: BasicImage
12/07/2016 22:31:58 (Std) 	[ImageManager] Created image: 'TaharezLook/TabButtonUpperLeftSelected' (06DFD1C0) of type: BasicImage
12/07/2016 22:31:58 (Std) 	[ImageManager] Created image: 'TaharezLook/TabButtonUpperRightSelected' (06DFD2B0) of type: BasicImage
12/07/2016 22:31:58 (Std) 	[ImageManager] Created image: 'TaharezLook/TabButtonLowerLeftSelected' (06DFD3A0) of type: BasicImage
12/07/2016 22:31:58 (Std) 	[ImageManager] Created image: 'TaharezLook/TabButtonLowerRightSelected' (06DFD490) of type: BasicImage
12/07/2016 22:31:58 (Std) 	[ImageManager] Created image: 'TaharezLook/TabButtonMiddleSelected' (06DFD580) of type: BasicImage
12/07/2016 22:31:58 (Std) 	[ImageManager] Created image: 'TaharezLook/TooltipTopLeft' (06DFD670) of type: BasicImage
12/07/2016 22:31:58 (Std) 	[ImageManager] Created image: 'TaharezLook/TooltipTopRight' (06DFD760) of type: BasicImage
12/07/2016 22:31:58 (Std) 	[ImageManager] Created image: 'TaharezLook/TooltipBottomLeft' (06DFD850) of type: BasicImage
12/07/2016 22:31:58 (Std) 	[ImageManager] Created image: 'TaharezLook/TooltipBottomRight' (06DFD940) of type: BasicImage
12/07/2016 22:31:58 (Std) 	[ImageManager] Created image: 'TaharezLook/TooltipLeftEdge' (06DFDA30) of type: BasicImage
12/07/2016 22:31:58 (Std) 	[ImageManager] Created image: 'TaharezLook/TooltipRightEdge' (06DFDB20) of type: BasicImage
12/07/2016 22:31:58 (Std) 	[ImageManager] Created image: 'TaharezLook/TooltipTopEdge' (06DFDC10) of type: BasicImage
12/07/2016 22:31:58 (Std) 	[ImageManager] Created image: 'TaharezLook/TooltipBottomEdge' (06DFDD00) of type: BasicImage
12/07/2016 22:31:58 (Std) 	[ImageManager] Created image: 'TaharezLook/TooltipMiddle' (06DFDDF0) of type: BasicImage
12/07/2016 22:31:58 (Std) 	[ImageManager] Created image: 'TaharezLook/MenuTopLeft' (06DFDEE0) of type: BasicImage
12/07/2016 22:31:58 (Std) 	[ImageManager] Created image: 'TaharezLook/MenuTopRight' (06DFDFD0) of type: BasicImage
12/07/2016 22:31:58 (Std) 	[ImageManager] Created image: 'TaharezLook/MenuBottomLeft' (06DFE0C0) of type: BasicImage
12/07/2016 22:31:58 (Std) 	[ImageManager] Created image: 'TaharezLook/MenuBottomRight' (06DFE1B0) of type: BasicImage
12/07/2016 22:31:58 (Std) 	[ImageManager] Created image: 'TaharezLook/MenuLeft' (06DFE2A0) of type: BasicImage
12/07/2016 22:31:58 (Std) 	[ImageManager] Created image: 'TaharezLook/MenuRight' (06DFE390) of type: BasicImage
12/07/2016 22:31:58 (Std) 	[ImageManager] Created image: 'TaharezLook/MenuTop' (06DFE480) of type: BasicImage
12/07/2016 22:31:58 (Std) 	[ImageManager] Created image: 'TaharezLook/MenuBottom' (06DFE570) of type: BasicImage
12/07/2016 22:31:58 (Std) 	[ImageManager] Created image: 'TaharezLook/MenuMiddle' (06DFE660) of type: BasicImage
12/07/2016 22:31:58 (Std) 	[ImageManager] Created image: 'TaharezLook/PopupMenuFrameTopLeft' (06DFE750) of type: BasicImage
12/07/2016 22:31:58 (Std) 	[ImageManager] Created image: 'TaharezLook/PopupMenuFrameTopRight' (06DFE840) of type: BasicImage
12/07/2016 22:31:58 (Std) 	[ImageManager] Created image: 'TaharezLook/PopupMenuFrameBottomLeft' (06DFE930) of type: BasicImage
12/07/2016 22:31:58 (Std) 	[ImageManager] Created image: 'TaharezLook/PopupMenuFrameBottomRight' (06DFEA20) of type: BasicImage
12/07/2016 22:31:58 (Std) 	[ImageManager] Created image: 'TaharezLook/PopupMenuFrameLeft' (06DFEB10) of type: BasicImage
12/07/2016 22:31:58 (Std) 	[ImageManager] Created image: 'TaharezLook/PopupMenuFrameRight' (06DFEC00) of type: BasicImage
12/07/2016 22:31:58 (Std) 	[ImageManager] Created image: 'TaharezLook/PopupMenuFrameTop' (06DFECF0) of type: BasicImage
12/07/2016 22:31:58 (Std) 	[ImageManager] Created image: 'TaharezLook/PopupMenuFrameBottom' (06DFEDE0) of type: BasicImage
12/07/2016 22:31:58 (Std) 	[ImageManager] Created image: 'TaharezLook/PopupMenuMiddle' (06DFEED0) of type: BasicImage
12/07/2016 22:31:58 (Std) 	[ImageManager] Created image: 'TaharezLook/PopupMenuArrowRight' (06E02FE0) of type: BasicImage
12/07/2016 22:31:58 (Std) 	[ImageManager] Created image: 'TaharezLook/PopupMenuArrowLeft' (06E030D0) of type: BasicImage
12/07/2016 22:31:58 (Std) 	[ImageManager] Created image: 'TaharezLook/TreeListClosed' (06E031C0) of type: BasicImage
12/07/2016 22:31:58 (Std) 	[ImageManager] Created image: 'TaharezLook/TreeListOpened' (06E032B0) of type: BasicImage
12/07/2016 22:31:58 (Std) 	===== Falagard 'root' element: look and feel parsing begins =====
12/07/2016 22:31:59 (Std) 	===== Look and feel parsing completed =====
12/07/2016 22:31:59 (Std) 	No window renderer factories specified for module 'CEGUICoreWindowRendererSet' - adding all available factories...
12/07/2016 22:31:59 (Std) 	Created WindowRendererFactory for 'Core/Button' WindowRenderers.
12/07/2016 22:31:59 (Std) 	WindowRendererFactory 'Core/Button' added. (06E3D910)
12/07/2016 22:31:59 (Std) 	Created WindowRendererFactory for 'Core/Default' WindowRenderers.
12/07/2016 22:31:59 (Std) 	WindowRendererFactory 'Core/Default' added. (06E3D9B8)
12/07/2016 22:31:59 (Std) 	Created WindowRendererFactory for 'Core/Editbox' WindowRenderers.
12/07/2016 22:31:59 (Std) 	WindowRendererFactory 'Core/Editbox' added. (06E3DA60)
12/07/2016 22:31:59 (Std) 	Created WindowRendererFactory for 'Core/FrameWindow' WindowRenderers.
12/07/2016 22:31:59 (Std) 	WindowRendererFactory 'Core/FrameWindow' added. (06E3DB08)
12/07/2016 22:31:59 (Std) 	Created WindowRendererFactory for 'Core/ItemEntry' WindowRenderers.
12/07/2016 22:31:59 (Std) 	WindowRendererFactory 'Core/ItemEntry' added. (06E3DBB0)
12/07/2016 22:31:59 (Std) 	Created WindowRendererFactory for 'Core/ListHeader' WindowRenderers.
12/07/2016 22:31:59 (Std) 	WindowRendererFactory 'Core/ListHeader' added. (06E3DC58)
12/07/2016 22:31:59 (Std) 	Created WindowRendererFactory for 'Core/ListHeaderSegment' WindowRenderers.
12/07/2016 22:31:59 (Std) 	WindowRendererFactory 'Core/ListHeaderSegment' added. (06E3DD00)
12/07/2016 22:31:59 (Std) 	Created WindowRendererFactory for 'Core/Listbox' WindowRenderers.
12/07/2016 22:31:59 (Std) 	WindowRendererFactory 'Core/Listbox' added. (06E3DDA8)
12/07/2016 22:31:59 (Std) 	Created WindowRendererFactory for 'Core/Menubar' WindowRenderers.
12/07/2016 22:31:59 (Std) 	WindowRendererFactory 'Core/Menubar' added. (06E3DE50)
12/07/2016 22:31:59 (Std) 	Created WindowRendererFactory for 'Core/MenuItem' WindowRenderers.
12/07/2016 22:31:59 (Std) 	WindowRendererFactory 'Core/MenuItem' added. (06E3DEF8)
12/07/2016 22:31:59 (Std) 	Created WindowRendererFactory for 'Core/MultiColumnList' WindowRenderers.
12/07/2016 22:31:59 (Std) 	WindowRendererFactory 'Core/MultiColumnList' added. (06E3DFA0)
12/07/2016 22:31:59 (Std) 	Created WindowRendererFactory for 'Core/MultiLineEditbox' WindowRenderers.
12/07/2016 22:31:59 (Std) 	WindowRendererFactory 'Core/MultiLineEditbox' added. (06E3E048)
12/07/2016 22:31:59 (Std) 	Created WindowRendererFactory for 'Core/PopupMenu' WindowRenderers.
12/07/2016 22:31:59 (Std) 	WindowRendererFactory 'Core/PopupMenu' added. (06E3E0F0)
12/07/2016 22:31:59 (Std) 	Created WindowRendererFactory for 'Core/ProgressBar' WindowRenderers.
12/07/2016 22:31:59 (Std) 	WindowRendererFactory 'Core/ProgressBar' added. (06E3E198)
12/07/2016 22:31:59 (Std) 	Created WindowRendererFactory for 'Core/ScrollablePane' WindowRenderers.
12/07/2016 22:31:59 (Std) 	WindowRendererFactory 'Core/ScrollablePane' added. (06E3E240)
12/07/2016 22:31:59 (Std) 	Created WindowRendererFactory for 'Core/Scrollbar' WindowRenderers.
12/07/2016 22:31:59 (Std) 	WindowRendererFactory 'Core/Scrollbar' added. (06E3E2E8)
12/07/2016 22:31:59 (Std) 	Created WindowRendererFactory for 'Core/Slider' WindowRenderers.
12/07/2016 22:31:59 (Std) 	WindowRendererFactory 'Core/Slider' added. (06E3E390)
12/07/2016 22:31:59 (Std) 	Created WindowRendererFactory for 'Core/Static' WindowRenderers.
12/07/2016 22:31:59 (Std) 	WindowRendererFactory 'Core/Static' added. (06E3E438)
12/07/2016 22:31:59 (Std) 	Created WindowRendererFactory for 'Core/StaticImage' WindowRenderers.
12/07/2016 22:31:59 (Std) 	WindowRendererFactory 'Core/StaticImage' added. (06E3E4E0)
12/07/2016 22:31:59 (Std) 	Created WindowRendererFactory for 'Core/StaticText' WindowRenderers.
12/07/2016 22:31:59 (Std) 	WindowRendererFactory 'Core/StaticText' added. (06E3E588)
12/07/2016 22:31:59 (Std) 	Created WindowRendererFactory for 'Core/TabButton' WindowRenderers.
12/07/2016 22:31:59 (Std) 	WindowRendererFactory 'Core/TabButton' added. (06E3E630)
12/07/2016 22:31:59 (Std) 	Created WindowRendererFactory for 'Core/TabControl' WindowRenderers.
12/07/2016 22:31:59 (Std) 	WindowRendererFactory 'Core/TabControl' added. (06E3E6D8)
12/07/2016 22:31:59 (Std) 	Created WindowRendererFactory for 'Core/Titlebar' WindowRenderers.
12/07/2016 22:31:59 (Std) 	WindowRendererFactory 'Core/Titlebar' added. (06E3E780)
12/07/2016 22:31:59 (Std) 	Created WindowRendererFactory for 'Core/ToggleButton' WindowRenderers.
12/07/2016 22:31:59 (Std) 	WindowRendererFactory 'Core/ToggleButton' added. (06E3E828)
12/07/2016 22:31:59 (Std) 	Created WindowRendererFactory for 'Core/Tooltip' WindowRenderers.
12/07/2016 22:31:59 (Std) 	WindowRendererFactory 'Core/Tooltip' added. (06E3E8D0)
12/07/2016 22:31:59 (Std) 	Created WindowRendererFactory for 'Core/ItemListbox' WindowRenderers.
12/07/2016 22:31:59 (Std) 	WindowRendererFactory 'Core/ItemListbox' added. (06E3E978)
12/07/2016 22:31:59 (Std) 	Created WindowRendererFactory for 'Core/Tree' WindowRenderers.
12/07/2016 22:31:59 (Std) 	WindowRendererFactory 'Core/Tree' added. (06E3EA20)
12/07/2016 22:31:59 (Std) 	Creating falagard mapping for type 'TaharezLook/Label' using base type 'DefaultWindow', window renderer 'Core/Default' Look'N'Feel 'TaharezLook/Label' and RenderEffect ''. (0028CBF0)
12/07/2016 22:31:59 (Std) 	Creating falagard mapping for type 'TaharezLook/Button' using base type 'CEGUI/PushButton', window renderer 'Core/Button' Look'N'Feel 'TaharezLook/Button' and RenderEffect ''. (0028CBF0)
12/07/2016 22:31:59 (Std) 	Creating falagard mapping for type 'TaharezLook/Checkbox' using base type 'CEGUI/ToggleButton', window renderer 'Core/ToggleButton' Look'N'Feel 'TaharezLook/Checkbox' and RenderEffect ''. (0028CBF0)
12/07/2016 22:31:59 (Std) 	Creating falagard mapping for type 'TaharezLook/ImageButton' using base type 'CEGUI/PushButton', window renderer 'Core/Button' Look'N'Feel 'TaharezLook/ImageButton' and RenderEffect ''. (0028CBF0)
12/07/2016 22:31:59 (Std) 	Creating falagard mapping for type 'TaharezLook/RadioButton' using base type 'CEGUI/RadioButton', window renderer 'Core/ToggleButton' Look'N'Feel 'TaharezLook/RadioButton' and RenderEffect ''. (0028CBF0)
12/07/2016 22:31:59 (Std) 	Creating falagard mapping for type 'TaharezLook/FrameWindow' using base type 'CEGUI/FrameWindow', window renderer 'Core/FrameWindow' Look'N'Feel 'TaharezLook/FrameWindow' and RenderEffect ''. (0028CBF0)
12/07/2016 22:31:59 (Std) 	Creating falagard mapping for type 'TaharezLook/Titlebar' using base type 'CEGUI/Titlebar', window renderer 'Core/Titlebar' Look'N'Feel 'TaharezLook/Titlebar' and RenderEffect ''. (0028CBF0)
12/07/2016 22:31:59 (Std) 	Creating falagard mapping for type 'TaharezLook/Editbox' using base type 'CEGUI/Editbox', window renderer 'Core/Editbox' Look'N'Feel 'TaharezLook/Editbox' and RenderEffect ''. (0028CBF0)
12/07/2016 22:31:59 (Std) 	Creating falagard mapping for type 'TaharezLook/MultiLineEditbox' using base type 'CEGUI/MultiLineEditbox', window renderer 'Core/MultiLineEditbox' Look'N'Feel 'TaharezLook/MultiLineEditbox' and RenderEffect ''. (0028CBF0)
12/07/2016 22:31:59 (Std) 	Creating falagard mapping for type 'TaharezLook/Menubar' using base type 'CEGUI/Menubar', window renderer 'Core/Menubar' Look'N'Feel 'TaharezLook/Menubar' and RenderEffect ''. (0028CBF0)
12/07/2016 22:31:59 (Std) 	Creating falagard mapping for type 'TaharezLook/PopupMenu' using base type 'CEGUI/PopupMenu', window renderer 'Core/PopupMenu' Look'N'Feel 'TaharezLook/PopupMenu' and RenderEffect ''. (0028CBF0)
12/07/2016 22:31:59 (Std) 	Creating falagard mapping for type 'TaharezLook/MenuItem' using base type 'CEGUI/MenuItem', window renderer 'Core/MenuItem' Look'N'Feel 'TaharezLook/MenuItem' and RenderEffect ''. (0028CBF0)
12/07/2016 22:31:59 (Std) 	Creating falagard mapping for type 'TaharezLook/AlternateProgressBar' using base type 'CEGUI/ProgressBar', window renderer 'Core/ProgressBar' Look'N'Feel 'TaharezLook/AltProgressBar' and RenderEffect ''. (0028CBF0)
12/07/2016 22:31:59 (Std) 	Creating falagard mapping for type 'TaharezLook/ProgressBar' using base type 'CEGUI/ProgressBar', window renderer 'Core/ProgressBar' Look'N'Feel 'TaharezLook/ProgressBar' and RenderEffect ''. (0028CBF0)
12/07/2016 22:31:59 (Std) 	Creating falagard mapping for type 'TaharezLook/VUMeter' using base type 'CEGUI/ProgressBar', window renderer 'Core/ProgressBar' Look'N'Feel 'TaharezLook/VUMeter' and RenderEffect ''. (0028CBF0)
12/07/2016 22:31:59 (Std) 	Creating falagard mapping for type 'TaharezLook/VerticalScrollbar' using base type 'CEGUI/Scrollbar', window renderer 'Core/Scrollbar' Look'N'Feel 'TaharezLook/VerticalScrollbar' and RenderEffect ''. (0028CBF0)
12/07/2016 22:31:59 (Std) 	Creating falagard mapping for type 'TaharezLook/HorizontalScrollbar' using base type 'CEGUI/Scrollbar', window renderer 'Core/Scrollbar' Look'N'Feel 'TaharezLook/HorizontalScrollbar' and RenderEffect ''. (0028CBF0)
12/07/2016 22:31:59 (Std) 	Creating falagard mapping for type 'TaharezLook/VerticalScrollbarThumb' using base type 'CEGUI/Thumb', window renderer 'Core/Button' Look'N'Feel 'TaharezLook/VerticalScrollbarThumb' and RenderEffect ''. (0028CBF0)
12/07/2016 22:31:59 (Std) 	Creating falagard mapping for type 'TaharezLook/HorizontalScrollbarThumb' using base type 'CEGUI/Thumb', window renderer 'Core/Button' Look'N'Feel 'TaharezLook/HorizontalScrollbarThumb' and RenderEffect ''. (0028CBF0)
12/07/2016 22:31:59 (Std) 	Creating falagard mapping for type 'TaharezLook/LargeVerticalScrollbar' using base type 'CEGUI/Scrollbar', window renderer 'Core/Scrollbar' Look'N'Feel 'TaharezLook/LargeVerticalScrollbar' and RenderEffect ''. (0028CBF0)
12/07/2016 22:31:59 (Std) 	Creating falagard mapping for type 'TaharezLook/LargeVerticalScrollbarThumb' using base type 'CEGUI/Thumb', window renderer 'Core/Button' Look'N'Feel 'TaharezLook/LargeVerticalScrollbarThumb' and RenderEffect ''. (0028CBF0)
12/07/2016 22:31:59 (Std) 	Creating falagard mapping for type 'TaharezLook/TabButton' using base type 'CEGUI/TabButton', window renderer 'Core/TabButton' Look'N'Feel 'TaharezLook/TabButton' and RenderEffect ''. (0028CBF0)
12/07/2016 22:31:59 (Std) 	Creating falagard mapping for type 'TaharezLook/TabControl' using base type 'CEGUI/TabControl', window renderer 'Core/TabControl' Look'N'Feel 'TaharezLook/TabControl' and RenderEffect ''. (0028CBF0)
12/07/2016 22:31:59 (Std) 	Creating falagard mapping for type 'TaharezLook/TabContentPane' using base type 'DefaultWindow', window renderer 'Core/Default' Look'N'Feel 'TaharezLook/TabContentPane' and RenderEffect ''. (0028CBF0)
12/07/2016 22:31:59 (Std) 	Creating falagard mapping for type 'TaharezLook/TabButtonPane' using base type 'DefaultWindow', window renderer 'Core/Default' Look'N'Feel 'TaharezLook/TabButtonPane' and RenderEffect ''. (0028CBF0)
12/07/2016 22:31:59 (Std) 	Creating falagard mapping for type 'TaharezLook/ComboDropList' using base type 'CEGUI/ComboDropList', window renderer 'Core/Listbox' Look'N'Feel 'TaharezLook/ComboDropList' and RenderEffect ''. (0028CBF0)
12/07/2016 22:31:59 (Std) 	Creating falagard mapping for type 'TaharezLook/ComboEditbox' using base type 'CEGUI/Editbox', window renderer 'Core/Editbox' Look'N'Feel 'TaharezLook/ComboEditbox' and RenderEffect ''. (0028CBF0)
12/07/2016 22:31:59 (Std) 	Creating falagard mapping for type 'TaharezLook/Combobox' using base type 'CEGUI/Combobox', window renderer 'Core/Default' Look'N'Feel 'TaharezLook/Combobox' and RenderEffect ''. (0028CBF0)
12/07/2016 22:31:59 (Std) 	Creating falagard mapping for type 'TaharezLook/Listbox' using base type 'CEGUI/Listbox', window renderer 'Core/Listbox' Look'N'Feel 'TaharezLook/Listbox' and RenderEffect ''. (0028CBF0)
12/07/2016 22:31:59 (Std) 	Creating falagard mapping for type 'TaharezLook/ListHeader' using base type 'CEGUI/ListHeader', window renderer 'Core/ListHeader' Look'N'Feel 'TaharezLook/ListHeader' and RenderEffect ''. (0028CBF0)
12/07/2016 22:31:59 (Std) 	Creating falagard mapping for type 'TaharezLook/ListHeaderSegment' using base type 'CEGUI/ListHeaderSegment', window renderer 'Core/ListHeaderSegment' Look'N'Feel 'TaharezLook/ListHeaderSegment' and RenderEffect ''. (0028CBF0)
12/07/2016 22:31:59 (Std) 	Creating falagard mapping for type 'TaharezLook/MultiColumnList' using base type 'CEGUI/MultiColumnList', window renderer 'Core/MultiColumnList' Look'N'Feel 'TaharezLook/MultiColumnList' and RenderEffect ''. (0028CBF0)
12/07/2016 22:31:59 (Std) 	Creating falagard mapping for type 'TaharezLook/Slider' using base type 'CEGUI/Slider', window renderer 'Core/Slider' Look'N'Feel 'TaharezLook/Slider' and RenderEffect ''. (0028CBF0)
12/07/2016 22:31:59 (Std) 	Creating falagard mapping for type 'TaharezLook/SliderThumb' using base type 'CEGUI/Thumb', window renderer 'Core/Button' Look'N'Feel 'TaharezLook/SliderThumb' and RenderEffect ''. (0028CBF0)
12/07/2016 22:31:59 (Std) 	Creating falagard mapping for type 'TaharezLook/ScrollablePane' using base type 'CEGUI/ScrollablePane', window renderer 'Core/ScrollablePane' Look'N'Feel 'TaharezLook/ScrollablePane' and RenderEffect ''. (0028CBF0)
12/07/2016 22:31:59 (Std) 	Creating falagard mapping for type 'TaharezLook/Spinner' using base type 'CEGUI/Spinner', window renderer 'Core/Default' Look'N'Feel 'TaharezLook/Spinner' and RenderEffect ''. (0028CBF0)
12/07/2016 22:31:59 (Std) 	Creating falagard mapping for type 'TaharezLook/Tooltip' using base type 'CEGUI/Tooltip', window renderer 'Core/Tooltip' Look'N'Feel 'TaharezLook/Tooltip' and RenderEffect ''. (0028CBF0)
12/07/2016 22:31:59 (Std) 	Creating falagard mapping for type 'TaharezLook/StaticImage' using base type 'DefaultWindow', window renderer 'Core/StaticImage' Look'N'Feel 'TaharezLook/StaticImage' and RenderEffect ''. (0028CBF0)
12/07/2016 22:31:59 (Std) 	Creating falagard mapping for type 'TaharezLook/StaticText' using base type 'DefaultWindow', window renderer 'Core/StaticText' Look'N'Feel 'TaharezLook/StaticText' and RenderEffect ''. (0028CBF0)
12/07/2016 22:31:59 (Std) 	Creating falagard mapping for type 'TaharezLook/ItemListbox' using base type 'CEGUI/ItemListbox', window renderer 'Core/ItemListbox' Look'N'Feel 'TaharezLook/ItemListbox' and RenderEffect ''. (0028CBF0)
12/07/2016 22:31:59 (Std) 	Creating falagard mapping for type 'TaharezLook/ListboxItem' using base type 'CEGUI/ItemEntry', window renderer 'Core/ItemEntry' Look'N'Feel 'TaharezLook/ListboxItem' and RenderEffect ''. (0028CBF0)
12/07/2016 22:31:59 (Std) 	Creating falagard mapping for type 'TaharezLook/GroupBox' using base type 'DefaultWindow', window renderer 'Core/Default' Look'N'Feel 'TaharezLook/GroupBox' and RenderEffect ''. (0028CBF0)
12/07/2016 22:31:59 (Std) 	Creating falagard mapping for type 'TaharezLook/Tree' using base type 'CEGUI/Tree', window renderer 'Core/Tree' Look'N'Feel 'TaharezLook/Tree' and RenderEffect ''. (0028CBF0)
12/07/2016 22:31:59 (Std) 	[OpenGLRenderer] Created texture: _ogl_tt_tex_0
12/07/2016 22:31:59 (Std) 	[OpenGLRenderer] Created texture: DejaVuSans-12_auto_glyph_images_32
12/07/2016 22:31:59 (Std) 	[OpenGLRenderer] Created texture: _ogl_tt_tex_1
12/07/2016 22:31:59 (Std) 	---- Successfully completed loading of GUI layout from 'Console.layout' ----
